<?xml version="1.0" encoding="UTF-8"?>
<!-- Generated by org.testng.reporters.JUnitXMLReporter -->
<testsuite ignored="0" hostname="DESKTOP-TO5JO73" failures="0" tests="3" name="Test case" time="24.899" errors="0" timestamp="2022-12-14T17:10:06 CET">
  <testcase classname="simple_annotations.Ignore_case" name="browser" time="8.945"/>
  <testcase classname="simple_annotations.Invocation_count" name="browser_lauch" time="3.828"/>
  <testcase classname="simple_annotations.Priority_case" name="browser_launch" time="12.055"/>
</testsuite> <!-- Test case -->
