<?xml version="1.0" encoding="UTF-8"?>
<!-- Generated by org.testng.reporters.JUnitXMLReporter -->
<testsuite ignored="2" hostname="DESKTOP-TO5JO73" failures="0" tests="5" name="test case" time="0.113" errors="0" timestamp="2022-12-19T19:38:59 CET">
  <testcase classname="TestNG.Grouping" name="BBA" time="0.017"/>
  <testcase classname="TestNG.Grouping" name="Bcom_general" time="0.007"/>
  <testcase classname="TestNG.Grouping" name="computer_science" time="0.002"/>
  <testcase classname="TestNG.Grouping" name="maths" time="0.003"/>
  <testcase classname="TestNG.Grouping" name="science" time="0.001"/>
  <testcase classname="TestNG.Grouping" name="netto" time="0.0">
    <ignored/>
  </testcase> <!-- netto -->
  <testcase classname="TestNG.Grouping" name="Fortex" time="0.0">
    <ignored/>
  </testcase> <!-- Fortex -->
</testsuite> <!-- test case -->
