<?xml version="1.0" encoding="UTF-8"?>
<!-- Generated by org.testng.reporters.JUnitXMLReporter -->
<testsuite ignored="0" hostname="DESKTOP-TO5JO73" failures="0" tests="7" name="test case" time="0.087" errors="0" timestamp="2022-12-19T19:46:50 CET">
  <testcase classname="TestNG.Grouping" name="BBA" time="0.014"/>
  <testcase classname="TestNG.Grouping" name="Bcom_general" time="0.002"/>
  <testcase classname="TestNG.Grouping" name="Fotex" time="0.002"/>
  <testcase classname="TestNG.Grouping" name="computer_science" time="0.001"/>
  <testcase classname="TestNG.Grouping" name="maths" time="0.001"/>
  <testcase classname="TestNG.Grouping" name="netto" time="0.001"/>
  <testcase classname="TestNG.Grouping" name="science" time="0.002"/>
</testsuite> <!-- test case -->
