<?xml version="1.0" encoding="UTF-8"?>
<!-- Generated by org.testng.reporters.JUnitXMLReporter -->
<testsuite ignored="1" hostname="DESKTOP-TO5JO73" failures="0" tests="6" name="Test" time="0.076" errors="0" timestamp="2023-01-19T17:51:17 CET">
  <testcase classname="TestNG.grouping_practice" name="Rose" time="0.012"/>
  <testcase classname="TestNG.grouping_practice" name="SS_music" time="0.002"/>
  <testcase classname="TestNG.grouping_practice" name="jasmine" time="0.004"/>
  <testcase classname="TestNG.grouping_practice" name="lotus" time="0.001"/>
  <testcase classname="TestNG.grouping_practice" name="spotify" time="0.001"/>
  <testcase classname="TestNG.grouping_practice" name="wynk" time="0.001"/>
  <testcase classname="TestNG.grouping_practice" name="chocolate" time="0.0">
    <ignored/>
  </testcase> <!-- chocolate -->
</testsuite> <!-- Test -->
